<?xml version="1.0" encoding="UTF-8"?>
<testsuite xmlns:xsi="http://www.w3.org/2001/XMLSchema-instance" xsi:noNamespaceSchemaLocation="https://maven.apache.org/surefire/maven-surefire-plugin/xsd/surefire-test-report.xsd" name="com.ust.admin_service.service.MusicServiceTest" time="0.124" tests="9" errors="0" skipped="0" failures="0">
  <properties>
[...]
</properties>
  <testcase name="testFetchById_MusicRepositoryReturnsAbsent" classname="com.ust.admin_service.service.MusicServiceTest" time="0.067"/>
  <testcase name="testAdd" classname="com.ust.admin_service.service.MusicServiceTest" time="0.015"/>
  <testcase name="testView" classname="com.ust.admin_service.service.MusicServiceTest" time="0.018"/>
  <testcase name="testFetchById" classname="com.ust.admin_service.service.MusicServiceTest" time="0.001"/>
  <testcase name="testUpdate_MusicRepositoryFindByIdReturnsAbsent" classname="com.ust.admin_service.service.MusicServiceTest" time="0.003"/>
  <testcase name="testDelete_MusicRepositoryFindByIdReturnsAbsent" classname="com.ust.admin_service.service.MusicServiceTest" time="0.002"/>
  <testcase name="testDelete" classname="com.ust.admin_service.service.MusicServiceTest" time="0.006"/>
  <testcase name="testView_MusicRepositoryReturnsNoItems" classname="com.ust.admin_service.service.MusicServiceTest" time="0.003"/>
  <testcase name="testUpdate" classname="com.ust.admin_service.service.MusicServiceTest" time="0.004"/>
</testsuite>